<?xml version="1.0" encoding="UTF-8"?>
<!-- Generated by org.testng.reporters.JUnitReportReporter -->
<testsuite hostname="DESKTOP-FJ7R3VL" failures="0" tests="6" name="Register.ValidateDepartment" time="28.034" errors="0" timestamp="2022-08-25T18:45:38 IST" skipped="0">
  <testcase classname="Register.ValidateDepartment" name="Login_Page" time="11.411"/>
  <system-out/>
  <testcase classname="Register.ValidateDepartment" name="Register" time="9.161"/>
  <system-out/>
  <testcase classname="Register.ValidateDepartment" name="enterDepaName" time="3.132"/>
  <system-out/>
  <testcase classname="Register.ValidateDepartment" name="enterDescriptionOfDepa" time="2.198"/>
  <system-out/>
  <testcase classname="Register.ValidateDepartment" name="clickOnSave" time="1.075"/>
  <system-out/>
  <testcase classname="Register.ValidateDepartment" name="VerifyDataSubmit" time="1.057"/>
  <system-out/>
</testsuite> <!-- Register.ValidateDepartment -->
