<?xml version="1.0" encoding="UTF-8"?>
<!-- Generated by org.testng.reporters.JUnitReportReporter -->
<testsuite hostname="DESKTOP-FJ7R3VL" failures="0" tests="5" name="Register.Register_Farmer" time="25.558" errors="0" timestamp="2022-09-07T19:03:48 IST" skipped="1">
  <testcase classname="Register.Register_Farmer" name="Login_Page" time="8.409"/>
  <system-out/>
  <testcase classname="Register.Register_Farmer" name="verifylink" time="4.170"/>
  <system-out/>
  <testcase classname="Register.Register_Farmer" name="enterFarmerDetails" time="10.862"/>
  <system-out/>
  <testcase classname="Register.Register_Farmer" name="clickOnClear" time="2.117"/>
  <system-out/>
  <testcase classname="Register.Register_Farmer" name="clickonSave">
    <skipped/>
  </testcase> <!-- clickonSave -->
  <system-out/>
</testsuite> <!-- Register.Register_Farmer -->
