<?xml version="1.0" encoding="UTF-8"?>
<!-- Generated by org.testng.reporters.JUnitReportReporter -->
<testsuite hostname="DESKTOP-FJ7R3VL" failures="0" tests="4" name="Register.Create_Route" time="29.605" errors="0" timestamp="2022-09-07T19:01:32 IST" skipped="0">
  <testcase classname="Register.Create_Route" name="Login_Page" time="11.395"/>
  <system-out/>
  <testcase classname="Register.Create_Route" name="verifylink" time="4.199"/>
  <system-out/>
  <testcase classname="Register.Create_Route" name="createRoute" time="13.926"/>
  <system-out/>
  <testcase classname="Register.Create_Route" name="verifySave" time="0.085"/>
  <system-out/>
</testsuite> <!-- Register.Create_Route -->
