<?xml version="1.0" encoding="UTF-8"?>
<!-- Generated by org.testng.reporters.JUnitReportReporter -->
<testsuite hostname="DESKTOP-FJ7R3VL" failures="0" tests="3" name="Register.Register_Supervisor" time="19.791" errors="1" timestamp="2022-09-07T17:26:46 IST" skipped="0">
  <testcase classname="Register.Register_Supervisor" name="Login_Page" time="8.402"/>
  <system-out/>
  <testcase classname="Register.Register_Supervisor" name="verifylink" time="4.213"/>
  <system-out/>
  <testcase classname="Register.Register_Supervisor" name="selectUnit" time="7.176">
    <error message="element not interactable
  (Session info: chrome=105.0.5195.102)
Build info: version: &#039;4.4.0&#039;, revision: &#039;e5c75ed026a&#039;
System info: host: &#039;DESKTOP-FJ7R3VL&#039;, ip: &#039;192.168.5.23&#039;, os.name: &#039;Windows 10&#039;, os.arch: &#039;amd64&#039;, os.version: &#039;10.0&#039;, java.version: &#039;18.0.2&#039;
Driver info: org.openqa.selenium.chrome.ChromeDriver
Command: [02ee1e2eaafaeff4bd5467f3d002a017, clickElement {id=e2a7af3f-c184-4005-bdc7-65e6b8814f76}]
Capabilities {acceptInsecureCerts: false, browserName: chrome, browserVersion: 105.0.5195.102, chrome: {chromedriverVersion: 105.0.5195.52 (412c95e51883..., userDataDir: C:\Users\sakshib\AppData\Lo...}, goog:chromeOptions: {debuggerAddress: localhost:59836}, networkConnectionEnabled: false, pageLoadStrategy: normal, platformName: WINDOWS, proxy: Proxy(), se:cdp: ws://localhost:59836/devtoo..., se:cdpVersion: 105.0.5195.102, setWindowRect: true, strictFileInteractability: false, timeouts: {implicit: 0, pageLoad: 300000, script: 30000}, unhandledPromptBehavior: dismiss and notify, webauthn:extension:credBlob: true, webauthn:extension:largeBlob: true, webauthn:virtualAuthenticators: true}
Element: [[ChromeDriver: chrome on WINDOWS (02ee1e2eaafaeff4bd5467f3d002a017)] -&gt; xpath: //input[@placeholder=&quot;Select or search Unit&quot;]]
Session ID: 02ee1e2eaafaeff4bd5467f3d002a017" type="org.openqa.selenium.ElementNotInteractableException">
      <![CDATA[org.openqa.selenium.ElementNotInteractableException: element not interactable
  (Session info: chrome=105.0.5195.102)
Build info: version: '4.4.0', revision: 'e5c75ed026a'
System info: host: 'DESKTOP-FJ7R3VL', ip: '192.168.5.23', os.name: 'Windows 10', os.arch: 'amd64', os.version: '10.0', java.version: '18.0.2'
Driver info: org.openqa.selenium.chrome.ChromeDriver
Command: [02ee1e2eaafaeff4bd5467f3d002a017, clickElement {id=e2a7af3f-c184-4005-bdc7-65e6b8814f76}]
Capabilities {acceptInsecureCerts: false, browserName: chrome, browserVersion: 105.0.5195.102, chrome: {chromedriverVersion: 105.0.5195.52 (412c95e51883..., userDataDir: C:\Users\sakshib\AppData\Lo...}, goog:chromeOptions: {debuggerAddress: localhost:59836}, networkConnectionEnabled: false, pageLoadStrategy: normal, platformName: WINDOWS, proxy: Proxy(), se:cdp: ws://localhost:59836/devtoo..., se:cdpVersion: 105.0.5195.102, setWindowRect: true, strictFileInteractability: false, timeouts: {implicit: 0, pageLoad: 300000, script: 30000}, unhandledPromptBehavior: dismiss and notify, webauthn:extension:credBlob: true, webauthn:extension:largeBlob: true, webauthn:virtualAuthenticators: true}
Element: [[ChromeDriver: chrome on WINDOWS (02ee1e2eaafaeff4bd5467f3d002a017)] -> xpath: //input[@placeholder="Select or search Unit"]]
Session ID: 02ee1e2eaafaeff4bd5467f3d002a017
at java.base/jdk.internal.reflect.DirectConstructorHandleAccessor.newInstance(DirectConstructorHandleAccessor.java:67)
at java.base/java.lang.reflect.Constructor.newInstanceWithCaller(Constructor.java:499)
at java.base/java.lang.reflect.Constructor.newInstance(Constructor.java:483)
at org.openqa.selenium.remote.codec.w3c.W3CHttpResponseCodec.createException(W3CHttpResponseCodec.java:200)
at org.openqa.selenium.remote.codec.w3c.W3CHttpResponseCodec.decode(W3CHttpResponseCodec.java:133)
at org.openqa.selenium.remote.codec.w3c.W3CHttpResponseCodec.decode(W3CHttpResponseCodec.java:53)
at org.openqa.selenium.remote.HttpCommandExecutor.execute(HttpCommandExecutor.java:184)
at org.openqa.selenium.remote.service.DriverCommandExecutor.invokeExecute(DriverCommandExecutor.java:167)
at org.openqa.selenium.remote.service.DriverCommandExecutor.execute(DriverCommandExecutor.java:142)
at org.openqa.selenium.remote.RemoteWebDriver.execute(RemoteWebDriver.java:547)
at org.openqa.selenium.remote.RemoteWebElement.execute(RemoteWebElement.java:257)
at org.openqa.selenium.remote.RemoteWebElement.click(RemoteWebElement.java:78)
at POM_Classes.Supervisor.unitDetails(Supervisor.java:79)
at Register.Register_Supervisor.selectUnit(Register_Supervisor.java:55)
at java.base/jdk.internal.reflect.DirectMethodHandleAccessor.invoke(DirectMethodHandleAccessor.java:104)
at java.base/java.lang.reflect.Method.invoke(Method.java:577)
at org.testng.internal.invokers.MethodInvocationHelper.invokeMethod(MethodInvocationHelper.java:139)
at org.testng.internal.invokers.TestInvoker.invokeMethod(TestInvoker.java:677)
at org.testng.internal.invokers.TestInvoker.invokeTestMethod(TestInvoker.java:221)
at org.testng.internal.invokers.MethodRunner.runInSequence(MethodRunner.java:50)
at org.testng.internal.invokers.TestInvoker$MethodInvocationAgent.invoke(TestInvoker.java:962)
at org.testng.internal.invokers.TestInvoker.invokeTestMethods(TestInvoker.java:194)
at org.testng.internal.invokers.TestMethodWorker.invokeTestMethods(TestMethodWorker.java:148)
at org.testng.internal.invokers.TestMethodWorker.run(TestMethodWorker.java:128)
at java.base/java.util.ArrayList.forEach(ArrayList.java:1511)
at org.testng.TestRunner.privateRun(TestRunner.java:806)
at org.testng.TestRunner.run(TestRunner.java:601)
at org.testng.SuiteRunner.runTest(SuiteRunner.java:433)
at org.testng.SuiteRunner.runSequentially(SuiteRunner.java:427)
at org.testng.SuiteRunner.privateRun(SuiteRunner.java:387)
at org.testng.SuiteRunner.run(SuiteRunner.java:330)
at org.testng.SuiteRunnerWorker.runSuite(SuiteRunnerWorker.java:52)
at org.testng.SuiteRunnerWorker.run(SuiteRunnerWorker.java:95)
at org.testng.TestNG.runSuitesSequentially(TestNG.java:1256)
at org.testng.TestNG.runSuitesLocally(TestNG.java:1176)
at org.testng.TestNG.runSuites(TestNG.java:1099)
at org.testng.TestNG.run(TestNG.java:1067)
at org.testng.remote.AbstractRemoteTestNG.run(AbstractRemoteTestNG.java:115)
at org.testng.remote.RemoteTestNG.initAndRun(RemoteTestNG.java:251)
at org.testng.remote.RemoteTestNG.main(RemoteTestNG.java:77)
]]>
    </error>
  </testcase> <!-- selectUnit -->
  <system-out/>
</testsuite> <!-- Register.Register_Supervisor -->
