<?xml version="1.0" encoding="UTF-8"?>
<!-- Generated by org.testng.reporters.JUnitReportReporter -->
<testsuite hostname="DESKTOP-FJ7R3VL" failures="0" tests="6" name="Register.Register_Unit" time="35.054" errors="0" timestamp="2022-09-07T16:09:15 IST" skipped="0">
  <testcase classname="Register.Register_Unit" name="Login_Page" time="8.391"/>
  <system-out/>
  <testcase classname="Register.Register_Unit" name="verifylink" time="4.166"/>
  <system-out/>
  <testcase classname="Register.Register_Unit" name="createUnit" time="11.981"/>
  <system-out/>
  <testcase classname="Register.Register_Unit" name="vendorInfo" time="6.330"/>
  <system-out/>
  <testcase classname="Register.Register_Unit" name="clickOnClear" time="2.108"/>
  <system-out/>
  <testcase classname="Register.Register_Unit" name="clickOnSave" time="2.078"/>
  <system-out/>
</testsuite> <!-- Register.Register_Unit -->
