<?xml version="1.0" encoding="UTF-8"?>
<!-- Generated by org.testng.reporters.JUnitReportReporter -->
<testsuite hostname="DESKTOP-FJ7R3VL" failures="0" tests="5" name="Register.Register_Farmer" time="25.527" errors="0" timestamp="2022-09-22T10:16:28 IST" skipped="1">
  <testcase classname="Register.Register_Farmer" name="Login_Page" time="8.369"/>
  <system-out/>
  <testcase classname="Register.Register_Farmer" name="verifylink" time="4.173"/>
  <system-out/>
  <testcase classname="Register.Register_Farmer" name="enterFarmerDetails" time="10.872"/>
  <system-out/>
  <testcase classname="Register.Register_Farmer" name="clickOnClear" time="2.113"/>
  <system-out/>
  <testcase classname="Register.Register_Farmer" name="clickonSave">
    <skipped/>
  </testcase> <!-- clickonSave -->
  <system-out/>
</testsuite> <!-- Register.Register_Farmer -->
