<?xml version="1.0" encoding="UTF-8"?>
<!-- Generated by org.testng.reporters.JUnitReportReporter -->
<testsuite hostname="DESKTOP-FJ7R3VL" failures="0" tests="8" name="Register.ValidateDesignation" time="33.562" errors="0" timestamp="2022-08-25T18:26:52 IST" skipped="1">
  <testcase classname="Register.ValidateDesignation" name="Login_Page" time="11.429"/>
  <system-out/>
  <testcase classname="Register.ValidateDesignation" name="Register" time="11.220"/>
  <system-out/>
  <testcase classname="Register.ValidateDesignation" name="selectDepartment" time="2.292"/>
  <system-out/>
  <testcase classname="Register.ValidateDesignation" name="enterDesignationName" time="2.146"/>
  <system-out/>
  <testcase classname="Register.ValidateDesignation" name="selectDesignationLevel" time="2.151"/>
  <system-out/>
  <testcase classname="Register.ValidateDesignation" name="enterDesignationDescription" time="2.226"/>
  <system-out/>
  <testcase classname="Register.ValidateDesignation" name="SaveOrClear" time="2.098"/>
  <system-out/>
  <testcase classname="Register.ValidateDesignation" name="Test2">
    <skipped/>
  </testcase> <!-- Test2 -->
  <system-out/>
</testsuite> <!-- Register.ValidateDesignation -->
