<?xml version="1.0" encoding="UTF-8"?>
<!-- Generated by org.testng.reporters.JUnitReportReporter -->
<testsuite hostname="DESKTOP-FJ7R3VL" failures="0" tests="1" name="Register.ValidateURL" time="2.018" errors="0" timestamp="2022-08-25T09:48:19 IST" skipped="0">
  <testcase classname="Register.ValidateURL" name="VerifyMainURL" time="2.018"/>
  <system-out/>
</testsuite> <!-- Register.ValidateURL -->
