<?xml version="1.0" encoding="UTF-8"?>
<!-- Generated by org.testng.reporters.JUnitReportReporter -->
<testsuite hostname="DESKTOP-FJ7R3VL" failures="0" tests="4" name="Register.ValidateDataSavedORNot" time="29.809" errors="0" timestamp="2022-08-24T19:21:06 IST" skipped="0">
  <testcase classname="Register.ValidateDataSavedORNot" name="Login_Page" time="14.409"/>
  <system-out/>
  <testcase classname="Register.ValidateDataSavedORNot" name="Register" time="11.171"/>
  <system-out/>
  <testcase classname="Register.ValidateDataSavedORNot" name="Test2" time="4.225"/>
  <system-out/>
  <testcase classname="Register.ValidateDataSavedORNot" name="BackToHome" time="0.004"/>
  <system-out/>
</testsuite> <!-- Register.ValidateDataSavedORNot -->
